
  ___  ____  ____  ____  ____ (R)
 /__    /   ____/   /   ____/
___/   /   /___/   /   /___/   15.0   Copyright 1985-2017 StataCorp LLC
  Statistics/Data Analysis            StataCorp
                                      4905 Lakeway Drive
     Special Edition                  College Station, Texas 77845 USA
                                      800-STATA-PC        http://www.stata.com
                                      979-696-4600        stata@stata.com
                                      979-696-4601 (fax)

100-student Stata lab perpetual license:
       Serial number:  401506209499
         Licensed to:  Mac软件管家
                       

Notes:
      1.  Stata is running in batch mode.
      2.  Unicode is supported; see help unicode_advice.
      3.  Maximum number of variables is set to 5000; see help set_maxvar.

. do /Users/jiguangyuan/.ipython/stata/code.do 

. clear

. set more off

. set linesize 200

. log using "/Users/jiguangyuan/.ipython/stata/log_output.log", text replace
--------------------------------------------------------------------------------------------------------------------------------------------------------------------------------------------------------
      name:  <unnamed>
       log:  /Users/jiguangyuan/.ipython/stata/log_output.log
  log type:  text
 opened on:  14 Nov 2021, 16:27:42

. 
. display "Hello, I am printed in Stata."  
Hello, I am printed in Stata.

. 
. log close
      name:  <unnamed>
       log:  /Users/jiguangyuan/.ipython/stata/log_output.log
  log type:  text
 closed on:  14 Nov 2021, 16:27:42
--------------------------------------------------------------------------------------------------------------------------------------------------------------------------------------------------------

. 
. 
end of do-file
